{"synthetic": false,
 "schemaVersion": "2025-09-10",
 "outputs":
 {"o": ["c07ec8e6e0c29324.olean"],
  "i": "1d71aa38b38ba8fd.ilean",
  "c": "c7cfe72c50c3a8ec.c"},
 "log":
 [{"message":
   ".> LEAN_PATH=/code/cardano-mpfs-offchain-feat-phase4-indexer-persistence/lean/.lake/build/lib/lean /home/paolino/.elan/toolchains/leanprover--lean4---v4.28.0/bin/lean /code/cardano-mpfs-offchain-feat-phase4-indexer-persistence/lean/Phase4/Properties.lean -o /code/cardano-mpfs-offchain-feat-phase4-indexer-persistence/lean/.lake/build/lib/lean/Phase4/Properties.olean -i /code/cardano-mpfs-offchain-feat-phase4-indexer-persistence/lean/.lake/build/lib/lean/Phase4/Properties.ilean -c /code/cardano-mpfs-offchain-feat-phase4-indexer-persistence/lean/.lake/build/ir/Phase4/Properties.c --setup /code/cardano-mpfs-offchain-feat-phase4-indexer-persistence/lean/.lake/build/ir/Phase4/Properties.setup.json --json",
   "level": "trace"}],
 "inputs":
 [["Phase4.Properties:deps",
   [["deps",
     [["«phase4-invariants»/Phase4:extraDep",
       [["@«phase4-invariants»:extraDep", "00000000000006bb"]]],
      ["imports",
       [["Phase4.Domain transitive imports (legacy)", "00000000000006bb"],
        ["Phase4.Domain:importAllArts", "e54748352625862e"]]]]],
    ["libs",
     [["import dynlibs", "00000000000006bb"],
      ["package external libraries", "00000000000006bb"],
      ["module dynlibs", "00000000000006bb"],
      ["module plugins", "00000000000006bb"]]]]],
  ["Lean 4.28.0, commit 7e01a1bf5c70fc6167d49c345d3bf80596e9a79b",
   "a96bc04a2e5e9630"],
  ["/code/cardano-mpfs-offchain-feat-phase4-indexer-persistence/lean/Phase4/Properties.lean",
   "3dfdce7adc0472f8"],
  ["options", [["-DautoImplicit=false", "4a85acb881fd49d0"]]],
  ["Module.leanArgs: #[]", "00000000000006bb"]],
 "depHash": "87634f191da2420a"}