{"synthetic": false,
 "schemaVersion": "2025-09-10",
 "outputs":
 {"o": ["c71e56e2392b3f5e.olean"],
  "i": "0cc9792bb5c83df2.ilean",
  "c": "85c6d98f5df1b9fd.c"},
 "log":
 [{"message":
   ".> LEAN_PATH=/code/cardano-mpfs-offchain-feat-phase4-indexer-persistence/lean/.lake/build/lib/lean /home/paolino/.elan/toolchains/leanprover--lean4---v4.28.0/bin/lean /code/cardano-mpfs-offchain-feat-phase4-indexer-persistence/lean/Phase4.lean -o /code/cardano-mpfs-offchain-feat-phase4-indexer-persistence/lean/.lake/build/lib/lean/Phase4.olean -i /code/cardano-mpfs-offchain-feat-phase4-indexer-persistence/lean/.lake/build/lib/lean/Phase4.ilean -c /code/cardano-mpfs-offchain-feat-phase4-indexer-persistence/lean/.lake/build/ir/Phase4.c --setup /code/cardano-mpfs-offchain-feat-phase4-indexer-persistence/lean/.lake/build/ir/Phase4.setup.json --json",
   "level": "trace"}],
 "inputs":
 [["Phase4:deps",
   [["deps",
     [["«phase4-invariants»/Phase4:extraDep",
       [["@«phase4-invariants»:extraDep", "00000000000006bb"]]],
      ["imports",
       [["Phase4.Domain transitive imports (legacy)", "00000000000006bb"],
        ["Phase4.Domain:importAllArts", "e54748352625862e"],
        ["Phase4.Properties transitive imports (legacy)", "506a5a85cfd0d3bc"],
        ["Phase4.Properties:importAllArts", "12ea219691d5f753"]]]]],
    ["libs",
     [["import dynlibs", "00000000000006bb"],
      ["package external libraries", "00000000000006bb"],
      ["module dynlibs", "00000000000006bb"],
      ["module plugins", "00000000000006bb"]]]]],
  ["Lean 4.28.0, commit 7e01a1bf5c70fc6167d49c345d3bf80596e9a79b",
   "a96bc04a2e5e9630"],
  ["/code/cardano-mpfs-offchain-feat-phase4-indexer-persistence/lean/Phase4.lean",
   "5a5c6c520af69a83"],
  ["options", [["-DautoImplicit=false", "4a85acb881fd49d0"]]],
  ["Module.leanArgs: #[]", "00000000000006bb"]],
 "depHash": "9d2e111ee662d3fd"}